<?xml version="1.0" encoding="UTF-8" ?>
<testsuite failures="0" time="0.257" errors="0" skipped="0" tests="6" name="vendingMachineApp.VendingMachineImplTest">
  <properties>
    <property name="java.runtime.name" value="Java(TM) SE Runtime Environment"/>
    <property name="sun.boot.library.path" value="C:\tools\Java\jdk1.7.0_03\jre\bin"/>
    <property name="java.vm.version" value="22.1-b02"/>
    <property name="java.vm.vendor" value="Oracle Corporation"/>
    <property name="java.vendor.url" value="http://java.oracle.com/"/>
    <property name="path.separator" value=";"/>
    <property name="guice.disable.misplaced.annotation.check" value="true"/>
    <property name="java.vm.name" value="Java HotSpot(TM) 64-Bit Server VM"/>
    <property name="file.encoding.pkg" value="sun.io"/>
    <property name="user.script" value=""/>
    <property name="user.country" value="US"/>
    <property name="sun.java.launcher" value="SUN_STANDARD"/>
    <property name="sun.os.patch.level" value="Service Pack 1"/>
    <property name="java.vm.specification.name" value="Java Virtual Machine Specification"/>
    <property name="user.dir" value="C:\eclipseWorkspace\vendingMachineWebApp\vendingMachineWebApp"/>
    <property name="java.runtime.version" value="1.7.0_03-b05"/>
    <property name="java.awt.graphicsenv" value="sun.awt.Win32GraphicsEnvironment"/>
    <property name="java.endorsed.dirs" value="C:\tools\Java\jdk1.7.0_03\jre\lib\endorsed"/>
    <property name="os.arch" value="amd64"/>
    <property name="java.io.tmpdir" value="C:\Users\Charan\AppData\Local\Temp\"/>
    <property name="line.separator" value="
"/>
    <property name="java.vm.specification.vendor" value="Oracle Corporation"/>
    <property name="user.variant" value=""/>
    <property name="os.name" value="Windows 7"/>
    <property name="classworlds.conf" value="C:\eclipseWorkspace\.metadata\.plugins\org.eclipse.m2e.launching\launches\m2conf6195303514960583451.tmp"/>
    <property name="sun.jnu.encoding" value="Cp1252"/>
    <property name="java.library.path" value="C:\tools\Java\jdk1.7.0_03\bin;C:\Windows\Sun\Java\bin;C:\Windows\system32;C:\Windows;C:/tools/Java/jdk1.7.0_03/bin/../jre/bin/server;C:/tools/Java/jdk1.7.0_03/bin/../jre/bin;C:/tools/Java/jdk1.7.0_03/bin/../jre/lib/amd64;C:\Program Files\Common Files\Microsoft Shared\Windows Live;C:\Program Files (x86)\Common Files\Microsoft Shared\Windows Live;C:\Windows\system32;C:\Windows;C:\Windows\System32\Wbem;C:\Windows\System32\WindowsPowerShell\v1.0\;C:\Program Files (x86)\Common Files\Roxio Shared\DLLShared\;C:\Program Files (x86)\Common Files\Roxio Shared\OEM\12.0\DLLShared\;C:\Program Files (x86)\Roxio\OEM\AudioCore\;C:\Program Files\Samsung\AllShare Framework DMS\1.3.06\64bit\;%M2%;%JAVA_HOME%\bin;%CATALINA_HOME%\bin;C:\tools\Git\cmd;C:\Program Files\Intel\WiFi\bin\;C:\Program Files\Common Files\Intel\WirelessCommon\;C:\Program Files\OpenVPN\bin;C:\Program Files (x86)\Smart Projects\IsoBuster;C:\tools\Java\jdk1.7.0_03\bin;C:\Users\Charan\AppData\Roaming\Smilebox;C:\Program Files\Intel\WiFi\bin\;C:\Program Files\Common Files\Intel\WirelessCommon\;C:\tools\Java\jdk1.7.0_03\bin;C:\tools\apache-maven-3.1.1\bin;C:\eclipse\eclipse;;."/>
    <property name="java.specification.name" value="Java Platform API Specification"/>
    <property name="java.class.version" value="51.0"/>
    <property name="sun.management.compiler" value="HotSpot 64-Bit Tiered Compilers"/>
    <property name="os.version" value="6.1"/>
    <property name="user.home" value="C:\Users\Charan"/>
    <property name="user.timezone" value="America/New_York"/>
    <property name="java.awt.printerjob" value="sun.awt.windows.WPrinterJob"/>
    <property name="java.specification.version" value="1.7"/>
    <property name="file.encoding" value="Cp1252"/>
    <property name="user.name" value="Charan"/>
    <property name="java.class.path" value="C:\tools\apache-maven-3.1.1\boot\plexus-classworlds-2.5.1.jar"/>
    <property name="org.slf4j.simpleLogger.defaultLogLevel" value="debug"/>
    <property name="java.vm.specification.version" value="1.7"/>
    <property name="sun.arch.data.model" value="64"/>
    <property name="java.home" value="C:\tools\Java\jdk1.7.0_03\jre"/>
    <property name="sun.java.command" value="org.codehaus.plexus.classworlds.launcher.Launcher -B -X -e install"/>
    <property name="java.specification.vendor" value="Oracle Corporation"/>
    <property name="user.language" value="en"/>
    <property name="awt.toolkit" value="sun.awt.windows.WToolkit"/>
    <property name="java.vm.info" value="mixed mode"/>
    <property name="java.version" value="1.7.0_03"/>
    <property name="java.ext.dirs" value="C:\tools\Java\jdk1.7.0_03\jre\lib\ext;C:\Windows\Sun\Java\lib\ext"/>
    <property name="sun.boot.class.path" value="C:\tools\Java\jdk1.7.0_03\jre\lib\resources.jar;C:\tools\Java\jdk1.7.0_03\jre\lib\rt.jar;C:\tools\Java\jdk1.7.0_03\jre\lib\sunrsasign.jar;C:\tools\Java\jdk1.7.0_03\jre\lib\jsse.jar;C:\tools\Java\jdk1.7.0_03\jre\lib\jce.jar;C:\tools\Java\jdk1.7.0_03\jre\lib\charsets.jar;C:\tools\Java\jdk1.7.0_03\jre\classes"/>
    <property name="java.vendor" value="Oracle Corporation"/>
    <property name="maven.home" value="C:\tools\apache-maven-3.1.1"/>
    <property name="file.separator" value="\"/>
    <property name="java.vendor.url.bug" value="http://bugreport.sun.com/bugreport/"/>
    <property name="sun.cpu.endian" value="little"/>
    <property name="sun.io.unicode.encoding" value="UnicodeLittle"/>
    <property name="sun.desktop" value="windows"/>
    <property name="sun.cpu.isalist" value="amd64"/>
  </properties>
  <testcase time="0.113" classname="vendingMachineApp.VendingMachineImplTest" name="testPrepareOrder_NotEnoughMoney"/>
  <testcase time="0.132" classname="vendingMachineApp.VendingMachineImplTest" name="testRetrieveAllProducts"/>
  <testcase time="0.001" classname="vendingMachineApp.VendingMachineImplTest" name="testAbortPurchase_WhenNotPrepared"/>
  <testcase time="0.002" classname="vendingMachineApp.VendingMachineImplTest" name="testPlaceOrderAndConfirmPurchase_NotEnoughProducts"/>
  <testcase time="0.008" classname="vendingMachineApp.VendingMachineImplTest" name="testRetrieveProductsAndPrices"/>
  <testcase time="0.001" classname="vendingMachineApp.VendingMachineImplTest" name="testConfirmPurchase_WhenNotPrepared"/>
</testsuite>